Vivado Simulator 2019.1
Copyright 1986-1999, 2001-2019 Xilinx, Inc. All Rights Reserved.
Running: D:/XIlinx/Vivado/2019.1/bin/unwrapped/win64.o/xelab.exe -wto b59a60fd266b45958b9e4b4d240238ea --incr --debug typical --relax --mt 2 -L dist_mem_gen_v8_0_13 -L xil_defaultlib -L unisims_ver -L unimacro_ver -L secureip -L xpm --snapshot CPU_tb_behav xil_defaultlib.CPU_tb xil_defaultlib.glbl -log elaborate.log 
Using 2 slave threads.
Starting static elaboration
Completed static elaboration
Starting simulation data flow analysis
Completed simulation data flow analysis
Time Resolution for simulation is 1ps
Compiling module dist_mem_gen_v8_0_13.dist_mem_gen_v8_0_13(C_FAMILY="a...
Compiling module xil_defaultlib.mem
Compiling module xil_defaultlib.alu
Compiling module xil_defaultlib.register
Compiling module xil_defaultlib.reg_file
Compiling module xil_defaultlib.mux2
Compiling module xil_defaultlib.mux4
Compiling module xil_defaultlib.CPU
Compiling module xil_defaultlib.CPU_tb
Compiling module xil_defaultlib.glbl
Built simulation snapshot CPU_tb_behav
